d:\api\portfolio\apiclient\apiclient\x64\debug\apiclient.pch
d:\api\portfolio\apiclient\apiclient\x64\debug\vc143.pdb
d:\api\portfolio\apiclient\apiclient\x64\debug\vc143.idb
d:\api\portfolio\apiclient\apiclient\x64\debug\apiclient.pchast
d:\api\portfolio\apiclient\apiclient\x64\debug\main.nativecodeanalysis.sarif
d:\api\portfolio\apiclient\apiclient\x64\debug\main.nativecodeanalysis.xml
d:\api\portfolio\apiclient\apiclient\x64\debug\main.obj
d:\api\portfolio\apiclient\apiclient\x64\debug\animation.nativecodeanalysis.sarif
d:\api\portfolio\apiclient\apiclient\x64\debug\animation.nativecodeanalysis.xml
d:\api\portfolio\apiclient\apiclient\x64\debug\spriteimage.nativecodeanalysis.sarif
d:\api\portfolio\apiclient\apiclient\x64\debug\spriteimage.nativecodeanalysis.xml
d:\api\portfolio\apiclient\apiclient\x64\debug\background.nativecodeanalysis.sarif
d:\api\portfolio\apiclient\apiclient\x64\debug\background.nativecodeanalysis.xml
d:\api\portfolio\apiclient\apiclient\x64\debug\collisionmanager.nativecodeanalysis.sarif
d:\api\portfolio\apiclient\apiclient\x64\debug\collisionmanager.nativecodeanalysis.xml
d:\api\portfolio\apiclient\apiclient\x64\debug\gamemanager.nativecodeanalysis.sarif
d:\api\portfolio\apiclient\apiclient\x64\debug\gamemanager.nativecodeanalysis.xml
d:\api\portfolio\apiclient\apiclient\x64\debug\keyboardmanager.nativecodeanalysis.sarif
d:\api\portfolio\apiclient\apiclient\x64\debug\keyboardmanager.nativecodeanalysis.xml
d:\api\portfolio\apiclient\apiclient\x64\debug\objectmanager.nativecodeanalysis.sarif
d:\api\portfolio\apiclient\apiclient\x64\debug\objectmanager.nativecodeanalysis.xml
d:\api\portfolio\apiclient\apiclient\x64\debug\rendermanager.nativecodeanalysis.sarif
d:\api\portfolio\apiclient\apiclient\x64\debug\rendermanager.nativecodeanalysis.xml
d:\api\portfolio\apiclient\apiclient\x64\debug\timermanager.nativecodeanalysis.sarif
d:\api\portfolio\apiclient\apiclient\x64\debug\timermanager.nativecodeanalysis.xml
d:\api\portfolio\apiclient\apiclient\x64\debug\actor.nativecodeanalysis.sarif
d:\api\portfolio\apiclient\apiclient\x64\debug\actor.nativecodeanalysis.xml
d:\api\portfolio\apiclient\apiclient\x64\debug\block.nativecodeanalysis.sarif
d:\api\portfolio\apiclient\apiclient\x64\debug\block.nativecodeanalysis.xml
d:\api\portfolio\apiclient\apiclient\x64\debug\character.nativecodeanalysis.sarif
d:\api\portfolio\apiclient\apiclient\x64\debug\character.nativecodeanalysis.xml
d:\api\portfolio\apiclient\apiclient\x64\debug\player.nativecodeanalysis.sarif
d:\api\portfolio\apiclient\apiclient\x64\debug\player.nativecodeanalysis.xml
d:\api\portfolio\apiclient\apiclient\x64\debug\weapon.nativecodeanalysis.sarif
d:\api\portfolio\apiclient\apiclient\x64\debug\weapon.nativecodeanalysis.xml
d:\api\portfolio\apiclient\apiclient\x64\debug\object.nativecodeanalysis.sarif
d:\api\portfolio\apiclient\apiclient\x64\debug\object.nativecodeanalysis.xml
d:\api\portfolio\apiclient\apiclient\x64\debug\collision.nativecodeanalysis.sarif
d:\api\portfolio\apiclient\apiclient\x64\debug\collision.nativecodeanalysis.xml
d:\api\portfolio\apiclient\apiclient\x64\debug\testscene.nativecodeanalysis.sarif
d:\api\portfolio\apiclient\apiclient\x64\debug\testscene.nativecodeanalysis.xml
d:\api\portfolio\apiclient\apiclient\x64\debug\textureinfo.nativecodeanalysis.sarif
d:\api\portfolio\apiclient\apiclient\x64\debug\textureinfo.nativecodeanalysis.xml
d:\api\portfolio\apiclient\apiclient\x64\debug\keyboard.nativecodeanalysis.sarif
d:\api\portfolio\apiclient\apiclient\x64\debug\keyboard.nativecodeanalysis.xml
d:\api\portfolio\apiclient\apiclient\x64\debug\spriteinfo.nativecodeanalysis.sarif
d:\api\portfolio\apiclient\apiclient\x64\debug\spriteinfo.nativecodeanalysis.xml
d:\api\portfolio\apiclient\apiclient\x64\debug\spriteinfo.obj
d:\api\portfolio\apiclient\apiclient\x64\debug\keyboard.obj
d:\api\portfolio\apiclient\apiclient\x64\debug\textureinfo.obj
d:\api\portfolio\apiclient\apiclient\x64\debug\testscene.obj
d:\api\portfolio\apiclient\apiclient\x64\debug\collision.obj
d:\api\portfolio\apiclient\apiclient\x64\debug\object.obj
d:\api\portfolio\apiclient\apiclient\x64\debug\weapon.obj
d:\api\portfolio\apiclient\apiclient\x64\debug\player.obj
d:\api\portfolio\apiclient\apiclient\x64\debug\character.obj
d:\api\portfolio\apiclient\apiclient\x64\debug\block.obj
d:\api\portfolio\apiclient\apiclient\x64\debug\actor.obj
d:\api\portfolio\apiclient\apiclient\x64\debug\timermanager.obj
d:\api\portfolio\apiclient\apiclient\x64\debug\rendermanager.obj
d:\api\portfolio\apiclient\apiclient\x64\debug\objectmanager.obj
d:\api\portfolio\apiclient\apiclient\x64\debug\keyboardmanager.obj
d:\api\portfolio\apiclient\apiclient\x64\debug\gamemanager.obj
d:\api\portfolio\apiclient\apiclient\x64\debug\collisionmanager.obj
d:\api\portfolio\apiclient\apiclient\x64\debug\background.obj
d:\api\portfolio\apiclient\apiclient\x64\debug\spriteimage.obj
d:\api\portfolio\apiclient\apiclient\x64\debug\animation.obj
d:\api\portfolio\apiclient\apiclient\x64\debug\testkeyboard.nativecodeanalysis.sarif
d:\api\portfolio\apiclient\apiclient\x64\debug\testkeyboard.nativecodeanalysis.xml
d:\api\portfolio\apiclient\apiclient\x64\debug\texture.nativecodeanalysis.sarif
d:\api\portfolio\apiclient\apiclient\x64\debug\texture.nativecodeanalysis.xml
d:\api\portfolio\apiclient\apiclient\x64\debug\texture.obj
d:\api\portfolio\apiclient\apiclient\x64\debug\testkeyboard.obj
d:\api\portfolio\apiclient\apiclient\x64\debug\apiclient.ilk
d:\api\portfolio\apiclient\x64\debug\apiclient.exe
d:\api\portfolio\apiclient\x64\debug\apiclient.pdb
d:\api\portfolio\apiclient\apiclient\x64\debug\apiclient.res
d:\api\portfolio\apiclient\apiclient\x64\debug\vc.nativecodeanalysis.all.xml
d:\api\portfolio\apiclient\apiclient\x64\debug\apiclient.tlog\cl.command.1.tlog
d:\api\portfolio\apiclient\apiclient\x64\debug\apiclient.tlog\cl.read.1.tlog
d:\api\portfolio\apiclient\apiclient\x64\debug\apiclient.tlog\cl.write.1.tlog
d:\api\portfolio\apiclient\apiclient\x64\debug\apiclient.tlog\link.command.1.tlog
d:\api\portfolio\apiclient\apiclient\x64\debug\apiclient.tlog\link.read.1.tlog
d:\api\portfolio\apiclient\apiclient\x64\debug\apiclient.tlog\link.write.1.tlog
d:\api\portfolio\apiclient\apiclient\x64\debug\apiclient.tlog\rc.command.1.tlog
d:\api\portfolio\apiclient\apiclient\x64\debug\apiclient.tlog\rc.read.1.tlog
d:\api\portfolio\apiclient\apiclient\x64\debug\apiclient.tlog\rc.write.1.tlog
